\BOOKMARK [0][-]{chapter*.1}{Prolog}{}% 1
\BOOKMARK [0][-]{chapter.1}{1 Introduction}{}% 2
\BOOKMARK [1][-]{section.1.1}{1.1 Problem statement}{chapter.1}% 3
\BOOKMARK [2][-]{subsection.1.1.1}{1.1.1 Sub Statements}{section.1.1}% 4
\BOOKMARK [0][-]{chapter.2}{2 Problem statement}{}% 5
\BOOKMARK [0][-]{chapter.3}{3 Analysis}{}% 6
\BOOKMARK [1][-]{section.3.1}{3.1 Current language}{chapter.3}% 7
\BOOKMARK [1][-]{section.3.2}{3.2 Embedded systems}{chapter.3}% 8
\BOOKMARK [1][-]{section.3.3}{3.3 Arduino platform}{chapter.3}% 9
\BOOKMARK [0][-]{chapter.4}{4 Therory}{}% 10
\BOOKMARK [1][-]{section.4.1}{4.1 Language}{chapter.4}% 11
\BOOKMARK [2][-]{subsection.4.1.1}{4.1.1 Paradigms of Programming Language}{section.4.1}% 12
\BOOKMARK [3][-]{section*.2}{Imperative Programming}{subsection.4.1.1}% 13
\BOOKMARK [3][-]{section*.3}{Functional Programming}{subsection.4.1.1}% 14
\BOOKMARK [3][-]{section*.4}{Logic Programming}{subsection.4.1.1}% 15
\BOOKMARK [3][-]{section*.5}{Object-Oriented Programming}{subsection.4.1.1}% 16
\BOOKMARK [3][-]{section*.6}{Choice of Paradigm in This Project}{subsection.4.1.1}% 17
\BOOKMARK [3][-]{section*.7}{Design Criteria in this Project}{subsection.4.1.1}% 18
\BOOKMARK [1][-]{section.4.2}{4.2 Compilers}{chapter.4}% 19
\BOOKMARK [1][-]{section.4.3}{4.3 Syntax analysis}{chapter.4}% 20
\BOOKMARK [1][-]{section.4.4}{4.4 Grammartypes}{chapter.4}% 21
\BOOKMARK [2][-]{subsection.4.4.1}{4.4.1 Type - 3: Regular Grammar}{section.4.4}% 22
\BOOKMARK [2][-]{subsection.4.4.2}{4.4.2 Type - 2: Context-Free Grammar}{section.4.4}% 23
\BOOKMARK [2][-]{subsection.4.4.3}{4.4.3 Type - 1: Context-Sensitive Grammar}{section.4.4}% 24
\BOOKMARK [2][-]{subsection.4.4.4}{4.4.4 Type - 0: Recursively Enumerable}{section.4.4}% 25
\BOOKMARK [2][-]{subsection.4.4.5}{4.4.5 choice of Grammar}{section.4.4}% 26
\BOOKMARK [1][-]{section.4.5}{4.5 Grammar}{chapter.4}% 27
\BOOKMARK [2][-]{subsection.4.5.1}{4.5.1 Lexical analyzer}{section.4.5}% 28
\BOOKMARK [1][-]{section.4.6}{4.6 Semantics}{chapter.4}% 29
\BOOKMARK [1][-]{section.4.7}{4.7 Contextual analysis}{chapter.4}% 30
\BOOKMARK [1][-]{section.4.8}{4.8 Code generation}{chapter.4}% 31
\BOOKMARK [0][-]{chapter.5}{5 Design}{}% 32
\BOOKMARK [1][-]{section.5.1}{5.1 Syntax design}{chapter.5}% 33
\BOOKMARK [1][-]{section.5.2}{5.2 Choice of grammar}{chapter.5}% 34
\BOOKMARK [2][-]{subsection.5.2.1}{5.2.1 Reserved Keywords}{section.5.2}% 35
\BOOKMARK [2][-]{subsection.5.2.2}{5.2.2 Token Specification}{section.5.2}% 36
\BOOKMARK [1][-]{section.5.3}{5.3 Semantic design}{chapter.5}% 37
\BOOKMARK [2][-]{subsection.5.3.1}{5.3.1 Scoping}{section.5.3}% 38
\BOOKMARK [3][-]{section*.12}{Symbol tables}{subsection.5.3.1}% 39
\BOOKMARK [2][-]{subsection.5.3.2}{5.3.2 Type Rules}{section.5.3}% 40
\BOOKMARK [1][-]{section.5.4}{5.4 Code examples}{chapter.5}% 41
\BOOKMARK [0][-]{chapter.6}{6 Implementation}{}% 42
\BOOKMARK [1][-]{section.6.1}{6.1 Known lexers and parsers}{chapter.6}% 43
\BOOKMARK [2][-]{subsection.6.1.1}{6.1.1 Lexer}{section.6.1}% 44
\BOOKMARK [3][-]{section*.15}{Lex}{subsection.6.1.1}% 45
\BOOKMARK [3][-]{section*.16}{Flex}{subsection.6.1.1}% 46
\BOOKMARK [3][-]{section*.17}{Jflex}{subsection.6.1.1}% 47
\BOOKMARK [3][-]{section*.18}{Jlex}{subsection.6.1.1}% 48
\BOOKMARK [2][-]{subsection.6.1.2}{6.1.2 Parser}{section.6.1}% 49
\BOOKMARK [3][-]{section*.19}{Yacc}{subsection.6.1.2}% 50
\BOOKMARK [3][-]{section*.20}{Cup}{subsection.6.1.2}% 51
\BOOKMARK [2][-]{subsection.6.1.3}{6.1.3 Lexer and parser}{section.6.1}% 52
\BOOKMARK [3][-]{section*.21}{SableCC}{subsection.6.1.3}% 53
\BOOKMARK [3][-]{section*.22}{ANTLR}{subsection.6.1.3}% 54
\BOOKMARK [3][-]{section*.23}{JavaCC}{subsection.6.1.3}% 55
\BOOKMARK [2][-]{subsection.6.1.4}{6.1.4 Comparison table}{section.6.1}% 56
\BOOKMARK [1][-]{section.6.2}{6.2 Scanner class creation}{chapter.6}% 57
\BOOKMARK [1][-]{section.6.3}{6.3 Parser generation}{chapter.6}% 58
\BOOKMARK [1][-]{section.6.4}{6.4 Class generator classgen}{chapter.6}% 59
\BOOKMARK [1][-]{section.6.5}{6.5 Scope and type checking}{chapter.6}% 60
\BOOKMARK [1][-]{section.6.6}{6.6 Code generation}{chapter.6}% 61
\BOOKMARK [1][-]{section.6.7}{6.7 Test/evaluation}{chapter.6}% 62
\BOOKMARK [0][-]{chapter.7}{7 Conclusion}{}% 63
\BOOKMARK [0][-]{section*.26}{Bibliography}{}% 64
\BOOKMARK [0][-]{chapter.8}{8 Appendix}{}% 65
