\BOOKMARK [0][-]{chapter*.1}{Prolog}{}% 1
\BOOKMARK [0][-]{chapter.1}{1 Introduction}{}% 2
\BOOKMARK [0][-]{chapter.2}{2 Problem statement}{}% 3
\BOOKMARK [0][-]{chapter.3}{3 Analysis}{}% 4
\BOOKMARK [1][-]{section.3.1}{3.1 Current language}{chapter.3}% 5
\BOOKMARK [1][-]{section.3.2}{3.2 Embedded systems}{chapter.3}% 6
\BOOKMARK [1][-]{section.3.3}{3.3 Arduino platform}{chapter.3}% 7
\BOOKMARK [0][-]{chapter.4}{4 Therory}{}% 8
\BOOKMARK [1][-]{section.4.1}{4.1 Language}{chapter.4}% 9
\BOOKMARK [1][-]{section.4.2}{4.2 Compilers}{chapter.4}% 10
\BOOKMARK [1][-]{section.4.3}{4.3 Semantics}{chapter.4}% 11
\BOOKMARK [1][-]{section.4.4}{4.4 Syntax analysis}{chapter.4}% 12
\BOOKMARK [1][-]{section.4.5}{4.5 EBNF\(Extended Backus Naur Form\)}{chapter.4}% 13
\BOOKMARK [1][-]{section.4.6}{4.6 Contextual analysis}{chapter.4}% 14
\BOOKMARK [1][-]{section.4.7}{4.7 Code generation}{chapter.4}% 15
\BOOKMARK [0][-]{chapter.5}{5 Design}{}% 16
\BOOKMARK [1][-]{section.5.1}{5.1 Syntax design}{chapter.5}% 17
\BOOKMARK [1][-]{section.5.2}{5.2 Semantic design}{chapter.5}% 18
\BOOKMARK [1][-]{section.5.3}{5.3 Code examples}{chapter.5}% 19
\BOOKMARK [0][-]{chapter.6}{6 Implementation}{}% 20
\BOOKMARK [1][-]{section.6.1}{6.1 Scanner class creation}{chapter.6}% 21
\BOOKMARK [1][-]{section.6.2}{6.2 Parser generation}{chapter.6}% 22
\BOOKMARK [1][-]{section.6.3}{6.3 Class generator classgen}{chapter.6}% 23
\BOOKMARK [1][-]{section.6.4}{6.4 Scope and type checking}{chapter.6}% 24
\BOOKMARK [1][-]{section.6.5}{6.5 Code generation}{chapter.6}% 25
\BOOKMARK [1][-]{section.6.6}{6.6 Test/evaluation}{chapter.6}% 26
\BOOKMARK [0][-]{chapter.7}{7 Conclusion}{}% 27
\BOOKMARK [0][-]{chapter.8}{8 Literature}{}% 28
\BOOKMARK [0][-]{section*.3}{Bibliography}{}% 29
\BOOKMARK [0][-]{chapter.9}{9 Appendix}{}% 30
